<?xml version="1.0" encoding="UTF-8"?>
<!-- Generated by org.testng.reporters.JUnitReportReporter -->
<testsuite hostname="WPU5CG01088DVL" name="com.OrangeHRM.OrangeHRM_ReadOR_File" tests="1" failures="0" timestamp="26 Feb 2021 06:23:35 GMT" time="41.963" errors="0">
  <testcase name="Flight_Login" time="41.963" classname="com.OrangeHRM.OrangeHRM_ReadOR_File"/>
</testsuite> <!-- com.OrangeHRM.OrangeHRM_ReadOR_File -->
