<?xml version="1.0" encoding="UTF-8"?>
<!-- Generated by org.testng.reporters.JUnitReportReporter -->
<testsuite hostname="WPU5CG01088DVL" name="com.SingleExtentReportExample.Double_ClickExample" tests="1" failures="0" timestamp="1 Mar 2021 06:41:24 GMT" time="94.904" errors="0">
  <testcase name="DragDrop" time="94.904" classname="com.SingleExtentReportExample.Double_ClickExample"/>
</testsuite> <!-- com.SingleExtentReportExample.Double_ClickExample -->
