<?xml version="1.0" encoding="UTF-8"?>
<!-- Generated by org.testng.reporters.JUnitReportReporter -->
<testsuite hostname="WPU5CG01088DVL" name="TestNGListener.Logger.OrangeHRM_Login_Before_After_Example" tests="1" failures="0" timestamp="2 Mar 2021 08:04:36 GMT" time="131.383" errors="0">
  <testcase name="LoginToOrangeHRM" time="131.383" classname="TestNGListener.Logger.OrangeHRM_Login_Before_After_Example"/>
</testsuite> <!-- TestNGListener.Logger.OrangeHRM_Login_Before_After_Example -->
