<?xml version="1.0" encoding="UTF-8"?>
<!-- Generated by org.testng.reporters.JUnitReportReporter -->
<testsuite hostname="WPU5CG01088DVL" name="com.log4j.OrangeHRM_Login_Before_After_Example" tests="1" failures="0" timestamp="2 Mar 2021 06:51:09 GMT" time="78.204" errors="0">
  <testcase name="LoginToOrangeHRM" time="78.204" classname="com.log4j.OrangeHRM_Login_Before_After_Example"/>
</testsuite> <!-- com.log4j.OrangeHRM_Login_Before_After_Example -->
