<?xml version="1.0" encoding="UTF-8"?>
<!-- Generated by org.testng.reporters.JUnitReportReporter -->
<testsuite hostname="WPU5CG01088DVL" name="com.OrangeHRM.DeleteAddedUser" tests="3" failures="0" timestamp="23 Feb 2021 06:23:08 GMT" time="31.253" errors="0">
  <testcase name="AddUsers_Page" time="6.866" classname="com.OrangeHRM.DeleteAddedUser"/>
  <testcase name="VerifyAddedUser" time="16.830" classname="com.OrangeHRM.DeleteAddedUser"/>
  <testcase name="Sign_On" time="7.557" classname="com.OrangeHRM.DeleteAddedUser"/>
</testsuite> <!-- com.OrangeHRM.DeleteAddedUser -->
