<?xml version="1.0" encoding="UTF-8"?>
<!-- Generated by org.testng.reporters.JUnitReportReporter -->
<testsuite hostname="WPU5CG01088DVL" name="com.OrangeHRM.Test_all_links" tests="1" failures="0" timestamp="25 Feb 2021 04:52:27 GMT" time="90.696" errors="0">
  <testcase name="navigateToAllLinks" time="90.696" classname="com.OrangeHRM.Test_all_links"/>
</testsuite> <!-- com.OrangeHRM.Test_all_links -->
