<?xml version="1.0" encoding="UTF-8"?>
<!-- Generated by org.testng.reporters.JUnitReportReporter -->
<testsuite hostname="WPU5CG01088DVL" name="com.OrangeHRM.HDFC_Login_TestNG2" tests="1" failures="0" timestamp="22 Feb 2021 05:00:53 GMT" time="1.296" errors="0">
  <testcase name="EnterCustomerID" time="1.296" classname="com.OrangeHRM.HDFC_Login_TestNG2"/>
</testsuite> <!-- com.OrangeHRM.HDFC_Login_TestNG2 -->
