<?xml version="1.0" encoding="UTF-8"?>
<!-- Generated by org.testng.reporters.JUnitReportReporter -->
<testsuite hostname="WPU5CG01088DVL" name="com.OrangeHRM.Handling_javascript_Alert" tests="1" failures="0" timestamp="24 Feb 2021 05:53:28 GMT" time="0.326" errors="0">
  <testcase name="EnterCustomerID" time="0.326" classname="com.OrangeHRM.Handling_javascript_Alert"/>
</testsuite> <!-- com.OrangeHRM.Handling_javascript_Alert -->
