<?xml version="1.0" encoding="UTF-8"?>
<!-- Generated by org.testng.reporters.JUnitReportReporter -->
<testsuite hostname="WPU5CG01088DVL" name="com.OrangeHRM.Keys_Functionality" tests="1" failures="0" timestamp="25 Feb 2021 04:25:12 GMT" time="0.026" errors="0">
  <testcase name="f" time="0.026" classname="com.OrangeHRM.Keys_Functionality"/>
</testsuite> <!-- com.OrangeHRM.Keys_Functionality -->
