<?xml version="1.0" encoding="UTF-8"?>
<!-- Generated by org.testng.reporters.JUnitReportReporter -->
<testsuite hostname="WPU5CG01088DVL" name="com.SingleExtentReportExample.DragAndDropExample" tests="1" failures="0" timestamp="1 Mar 2021 06:41:24 GMT" time="103.945" errors="0">
  <testcase name="DragDrop" time="103.945" classname="com.SingleExtentReportExample.DragAndDropExample"/>
</testsuite> <!-- com.SingleExtentReportExample.DragAndDropExample -->
