<?xml version="1.0" encoding="UTF-8"?>
<!-- Generated by org.testng.reporters.JUnitReportReporter -->
<testsuite hostname="WPU5CG01088DVL" name="com.OrangeHRM.ScrollExample" tests="1" failures="0" timestamp="1 Mar 2021 07:50:41 GMT" time="68.847" errors="0">
  <testcase name="ScrollHorizontally" time="68.847" classname="com.OrangeHRM.ScrollExample"/>
</testsuite> <!-- com.OrangeHRM.ScrollExample -->
