<?xml version="1.0" encoding="UTF-8"?>
<!-- Generated by org.testng.reporters.JUnitReportReporter -->
<testsuite hostname="WPU5CG01088DVL" name="com.OrangeHRM.MobileBrowserView_OrangeHRMLogin" tests="1" failures="0" timestamp="23 Feb 2021 06:56:04 GMT" time="104.816" errors="0">
  <testcase name="SignOn" time="104.816" classname="com.OrangeHRM.MobileBrowserView_OrangeHRMLogin"/>
</testsuite> <!-- com.OrangeHRM.MobileBrowserView_OrangeHRMLogin -->
