<?xml version="1.0" encoding="UTF-8"?>
<!-- Generated by org.testng.reporters.JUnitReportReporter -->
<testsuite hostname="WPU5CG01088DVL" name="com.OrangeHRM.ScrollDownWebPageBottomExample" tests="1" failures="0" timestamp="1 Mar 2021 07:47:45 GMT" time="228.683" errors="0">
  <testcase name="ByPage" time="228.683" classname="com.OrangeHRM.ScrollDownWebPageBottomExample"/>
</testsuite> <!-- com.OrangeHRM.ScrollDownWebPageBottomExample -->
