<?xml version="1.0" encoding="UTF-8"?>
<!-- Generated by org.testng.reporters.JUnitReportReporter -->
<testsuite hostname="WPU5CG01088DVL" name="com.OrangeHRM.OrangeHRM_Login_Xpath_CSS_Example" tests="2" failures="0" timestamp="19 Feb 2021 07:33:09 GMT" time="8.388" errors="0">
  <testcase name="Login" time="6.275" classname="com.OrangeHRM.OrangeHRM_Login_Xpath_CSS_Example"/>
  <testcase name="Logout" time="2.113" classname="com.OrangeHRM.OrangeHRM_Login_Xpath_CSS_Example"/>
</testsuite> <!-- com.OrangeHRM.OrangeHRM_Login_Xpath_CSS_Example -->
