<?xml version="1.0" encoding="UTF-8"?>
<!-- Generated by org.testng.reporters.JUnitReportReporter -->
<testsuite hostname="WPU5CG01088DVL" name="com.OrangeHRM.Double_ClickExample" tests="1" failures="0" timestamp="22 Feb 2021 06:49:49 GMT" time="49.441" errors="0">
  <testcase name="DragDrop" time="49.441" classname="com.OrangeHRM.Double_ClickExample"/>
</testsuite> <!-- com.OrangeHRM.Double_ClickExample -->
