<?xml version="1.0" encoding="UTF-8"?>
<!-- Generated by org.testng.reporters.JUnitReportReporter -->
<testsuite hostname="WPU5CG01088DVL" name="com.OrangeHRM.ExtentReport_Example" tests="2" failures="0" timestamp="26 Feb 2021 07:34:41 GMT" time="36.580" errors="0">
  <testcase name="Sign_On" time="31.753" classname="com.OrangeHRM.ExtentReport_Example"/>
  <testcase name="LaunchApplication" time="4.827" classname="com.OrangeHRM.ExtentReport_Example"/>
</testsuite> <!-- com.OrangeHRM.ExtentReport_Example -->
