<?xml version="1.0" encoding="UTF-8"?>
<!-- Generated by org.testng.reporters.JUnitReportReporter -->
<testsuite hostname="WPU5CG01088DVL" name="com.OrangeHRM.Create_Search_Delete_Users" tests="1" failures="0" timestamp="23 Feb 2021 05:53:56 GMT" time="57.558" errors="0">
  <testcase name="Search" time="57.558" classname="com.OrangeHRM.Create_Search_Delete_Users"/>
</testsuite> <!-- com.OrangeHRM.Create_Search_Delete_Users -->
