<?xml version="1.0" encoding="UTF-8"?>
<!-- Generated by org.testng.reporters.JUnitReportReporter -->
<testsuite hostname="WPU5CG01088DVL" name="com.OrangeHRM.OrangeHRM_Login" tests="1" failures="0" timestamp="26 Feb 2021 05:26:02 GMT" time="14.163" errors="0">
  <testcase name="loginSuccessfulScenario" time="14.163" classname="com.OrangeHRM.OrangeHRM_Login"/>
</testsuite> <!-- com.OrangeHRM.OrangeHRM_Login -->
