<?xml version="1.0" encoding="UTF-8"?>
<!-- Generated by org.testng.reporters.JUnitReportReporter -->
<testsuite hostname="WPU5CG01088DVL" name="com.OrangeHRM.OrangeHRM_Login_Parameters" tests="3" failures="0" timestamp="24 Feb 2021 04:55:55 GMT" time="98.818" errors="0">
  <testcase name="Login" time="31.631" classname="com.OrangeHRM.OrangeHRM_Login_Parameters"/>
  <testcase name="Login" time="35.112" classname="com.OrangeHRM.OrangeHRM_Login_Parameters"/>
  <testcase name="Login" time="32.075" classname="com.OrangeHRM.OrangeHRM_Login_Parameters"/>
</testsuite> <!-- com.OrangeHRM.OrangeHRM_Login_Parameters -->
