<?xml version="1.0" encoding="UTF-8"?>
<!-- Generated by org.testng.reporters.JUnitReportReporter -->
<testsuite hostname="WPU5CG01088DVL" name="com.OrangeHRM.OrangeHRM_Login_Headless_Browser" tests="2" failures="0" timestamp="19 Feb 2021 08:05:14 GMT" time="37.048" errors="0">
  <testcase name="Login" time="35.446" classname="com.OrangeHRM.OrangeHRM_Login_Headless_Browser"/>
  <testcase name="Logout" time="1.602" classname="com.OrangeHRM.OrangeHRM_Login_Headless_Browser"/>
</testsuite> <!-- com.OrangeHRM.OrangeHRM_Login_Headless_Browser -->
