<?xml version="1.0" encoding="UTF-8"?>
<!-- Generated by org.testng.reporters.JUnitReportReporter -->
<testsuite hostname="WPU5CG01088DVL" name="com.OrangeHRM.HandleUnexpectedAlerts" tests="1" failures="0" timestamp="1 Mar 2021 07:24:03 GMT" time="0.001" errors="1">
  <testcase name="HandleAlert" time="0.001" classname="com.OrangeHRM.HandleUnexpectedAlerts">
    <error type="io.github.bonigarcia.wdm.config.WebDriverManagerException" message="io.github.bonigarcia.wdm.config.WebDriverManagerException: java.net.SocketTimeoutException: Read timed out">
      <![CDATA[io.github.bonigarcia.wdm.config.WebDriverManagerException: io.github.bonigarcia.wdm.config.WebDriverManagerException: java.net.SocketTimeoutException: Read timed out
	at io.github.bonigarcia.wdm.WebDriverManager.handleException(WebDriverManager.java:747)
	at io.github.bonigarcia.wdm.WebDriverManager.manage(WebDriverManager.java:541)
	at io.github.bonigarcia.wdm.WebDriverManager.handleException(WebDriverManager.java:744)
	at io.github.bonigarcia.wdm.WebDriverManager.manage(WebDriverManager.java:541)
	at io.github.bonigarcia.wdm.WebDriverManager.setup(WebDriverManager.java:277)
	at com.OrangeHRM.HandleUnexpectedAlerts.setup(HandleUnexpectedAlerts.java:19)
	at sun.reflect.NativeMethodAccessorImpl.invoke0(Native Method)
	at sun.reflect.NativeMethodAccessorImpl.invoke(Unknown Source)
	at sun.reflect.DelegatingMethodAccessorImpl.invoke(Unknown Source)
	at java.lang.reflect.Method.invoke(Unknown Source)
	at org.testng.internal.MethodInvocationHelper.invokeMethod(MethodInvocationHelper.java:85)
	at org.testng.internal.Invoker.invokeConfigurationMethod(Invoker.java:521)
	at org.testng.internal.Invoker.invokeConfigurations(Invoker.java:213)
	at org.testng.internal.Invoker.invokeConfigurations(Invoker.java:140)
	at org.testng.TestRunner.beforeRun(TestRunner.java:645)
	at org.testng.TestRunner.run(TestRunner.java:613)
	at org.testng.SuiteRunner.runTest(SuiteRunner.java:357)
	at org.testng.SuiteRunner.runSequentially(SuiteRunner.java:352)
	at org.testng.SuiteRunner.privateRun(SuiteRunner.java:310)
	at org.testng.SuiteRunner.run(SuiteRunner.java:259)
	at org.testng.SuiteRunnerWorker.runSuite(SuiteRunnerWorker.java:52)
	at org.testng.SuiteRunnerWorker.run(SuiteRunnerWorker.java:86)
	at org.testng.TestNG.runSuitesSequentially(TestNG.java:1200)
	at org.testng.TestNG.runSuitesLocally(TestNG.java:1125)
	at org.testng.TestNG.run(TestNG.java:1033)
	at org.testng.remote.RemoteTestNG.run(RemoteTestNG.java:111)
	at org.testng.remote.RemoteTestNG.initAndRun(RemoteTestNG.java:204)
	at org.testng.remote.RemoteTestNG.main(RemoteTestNG.java:175)
Caused by: io.github.bonigarcia.wdm.config.WebDriverManagerException: java.net.SocketTimeoutException: Read timed out
	at io.github.bonigarcia.wdm.WebDriverManager.getDriversFromXml(WebDriverManager.java:876)
	at io.github.bonigarcia.wdm.managers.EdgeDriverManager.getDriverUrls(EdgeDriverManager.java:105)
	at io.github.bonigarcia.wdm.WebDriverManager.createUrlHandler(WebDriverManager.java:753)
	at io.github.bonigarcia.wdm.WebDriverManager.download(WebDriverManager.java:602)
	at io.github.bonigarcia.wdm.WebDriverManager.manage(WebDriverManager.java:535)
	... 26 more
Caused by: java.net.SocketTimeoutException: Read timed out
	at java.net.SocketInputStream.socketRead0(Native Method)
	at java.net.SocketInputStream.socketRead(Unknown Source)
	at java.net.SocketInputStream.read(Unknown Source)
	at java.net.SocketInputStream.read(Unknown Source)
	at sun.security.ssl.InputRecord.readFully(Unknown Source)
	at sun.security.ssl.InputRecord.readV3Record(Unknown Source)
	at sun.security.ssl.InputRecord.read(Unknown Source)
	at sun.security.ssl.SSLSocketImpl.readRecord(Unknown Source)
	at sun.security.ssl.SSLSocketImpl.readDataRecord(Unknown Source)
	at sun.security.ssl.AppInputStream.read(Unknown Source)
	at org.apache.hc.core5.http.impl.io.SessionInputBufferImpl.read(SessionInputBufferImpl.java:195)
	at org.apache.hc.core5.http.impl.io.ChunkedInputStream.read(ChunkedInputStream.java:187)
	at org.apache.hc.core5.http.io.EofSensorInputStream.read(EofSensorInputStream.java:135)
	at org.apache.hc.core5.http.io.EofSensorInputStream.read(EofSensorInputStream.java:148)
	at org.apache.commons.io.IOUtils.copyLarge(IOUtils.java:1127)
	at org.apache.commons.io.IOUtils.copy(IOUtils.java:849)
	at org.apache.commons.io.IOUtils.copyLarge(IOUtils.java:1104)
	at org.apache.commons.io.IOUtils.copy(IOUtils.java:825)
	at org.apache.commons.io.IOUtils.toByteArray(IOUtils.java:2209)
	at io.github.bonigarcia.wdm.WebDriverManager.loadXML(WebDriverManager.java:891)
	at io.github.bonigarcia.wdm.WebDriverManager.getDriversFromXml(WebDriverManager.java:862)
	... 30 more
	Suppressed: java.net.SocketException: Socket is closed
		at sun.security.ssl.SSLSocketImpl.checkEOF(Unknown Source)
		at sun.security.ssl.AppInputStream.read(Unknown Source)
		at org.apache.hc.core5.http.impl.io.SessionInputBufferImpl.read(SessionInputBufferImpl.java:195)
		at org.apache.hc.core5.http.impl.io.ChunkedInputStream.read(ChunkedInputStream.java:187)
		at org.apache.hc.core5.http.impl.io.ChunkedInputStream.read(ChunkedInputStream.java:209)
		at org.apache.hc.core5.http.impl.io.ChunkedInputStream.close(ChunkedInputStream.java:311)
		at org.apache.hc.core5.io.Closer.close(Closer.java:48)
		at org.apache.hc.core5.http.impl.io.IncomingHttpEntity.close(IncomingHttpEntity.java:111)
		at org.apache.hc.core5.http.io.entity.HttpEntityWrapper.close(HttpEntityWrapper.java:120)
		at org.apache.hc.core5.io.Closer.close(Closer.java:48)
		at org.apache.hc.core5.http.message.BasicClassicHttpResponse.close(BasicClassicHttpResponse.java:93)
		at org.apache.hc.client5.http.impl.classic.CloseableHttpResponse.close(CloseableHttpResponse.java:200)
		at io.github.bonigarcia.wdm.WebDriverManager.getDriversFromXml(WebDriverManager.java:874)
		... 30 more
]]>
    </error>
  </testcase> <!-- HandleAlert -->
</testsuite> <!-- com.OrangeHRM.HandleUnexpectedAlerts -->
