<?xml version="1.0" encoding="UTF-8"?>
<!-- Generated by org.testng.reporters.JUnitReportReporter -->
<testsuite hostname="WPU5CG01088DVL" name="com.OrangeHRM.SmokeTestSuite" tests="1" failures="0" timestamp="24 Feb 2021 05:53:28 GMT" time="0.009" errors="0">
  <testcase name="smokeBatchExecution" time="0.009" classname="com.OrangeHRM.SmokeTestSuite"/>
</testsuite> <!-- com.OrangeHRM.SmokeTestSuite -->
