<?xml version="1.0" encoding="UTF-8"?>
<!-- Generated by org.testng.reporters.JUnitReportReporter -->
<testsuite hostname="WPU5CG01088DVL" name="com.OrangeHRM.DragAndDropExample" tests="1" failures="0" timestamp="24 Feb 2021 05:53:28 GMT" time="29.247" errors="0">
  <testcase name="DragDrop" time="29.247" classname="com.OrangeHRM.DragAndDropExample"/>
</testsuite> <!-- com.OrangeHRM.DragAndDropExample -->
