<?xml version="1.0" encoding="UTF-8"?>
<!-- Generated by org.testng.reporters.JUnitReportReporter -->
<testsuite hostname="WPU5CG01088DVL" name="com.OrangeHRM.MouseHover_OrangeHRM" tests="1" failures="0" timestamp="22 Feb 2021 06:17:48 GMT" time="15.892" errors="0">
  <testcase name="Login" time="15.892" classname="com.OrangeHRM.MouseHover_OrangeHRM"/>
</testsuite> <!-- com.OrangeHRM.MouseHover_OrangeHRM -->
